<?xml version="1.0" encoding="UTF-8"?>
<!-- Generated by org.testng.reporters.JUnitXMLReporter -->
<testsuite ignored="2" hostname="HIRAL" failures="0" tests="1" name="Sanity Login Test" time="3.567" errors="0" timestamp="2022-12-13T10:21:24 GMT">
  <testcase classname="com.herokuapp.testsuite.LoginPageTest" name="userSholdLoginSuccessfullyWithValidCredentials" time="0.478"/>
  <testcase classname="com.herokuapp.testsuite.LoginPageTest" name="verifyThePasswordErrorMessage" time="0.0">
    <ignored/>
  </testcase> <!-- verifyThePasswordErrorMessage -->
  <testcase classname="com.herokuapp.testsuite.LoginPageTest" name="verifyTheUsernameErrorMessage" time="0.0">
    <ignored/>
  </testcase> <!-- verifyTheUsernameErrorMessage -->
</testsuite> <!-- Sanity Login Test -->
