<?xml version="1.0" encoding="UTF-8"?>
<!-- Generated by org.testng.reporters.JUnitXMLReporter -->
<testsuite ignored="0" hostname="HIRAL" failures="0" tests="3" name="Regression Login Test" time="11.898" errors="0" timestamp="2022-12-13T10:22:34 GMT">
  <testcase classname="com.herokuapp.testsuite.LoginPageTest" name="userSholdLoginSuccessfullyWithValidCredentials" time="0.447"/>
  <testcase classname="com.herokuapp.testsuite.LoginPageTest" name="verifyThePasswordErrorMessage" time="0.465"/>
  <testcase classname="com.herokuapp.testsuite.LoginPageTest" name="verifyTheUsernameErrorMessage" time="0.488"/>
</testsuite> <!-- Regression Login Test -->
