<?xml version="1.0" encoding="UTF-8"?>
<testng-results ignored="0" total="3" passed="3" failed="0" skipped="0">
  <reporter-output>
    <line>
      <![CDATA[Enter usrnametomsmithto username fieldtomsmith]]>
    </line>
    <line>
      <![CDATA[Enter passwardSuperSecretPassword!to passward Field[[ChromeDriver: chrome on WINDOWS (6b8ca2596fffc873708131bebf34db55)] -> id: password]]]>
    </line>
    <line>
      <![CDATA[Click on Login button[[ChromeDriver: chrome on WINDOWS (6b8ca2596fffc873708131bebf34db55)] -> xpath: //i[contains(text(),'Login')]]]]>
    </line>
    <line>
      <![CDATA[Verify message[[ChromeDriver: chrome on WINDOWS (6b8ca2596fffc873708131bebf34db55)] -> xpath: //h2[text()=' Secure Area']]]]>
    </line>
    <line>
      <![CDATA[Enter usrnametomsmithto username fieldtomsmith]]>
    </line>
    <line>
      <![CDATA[Enter passwardSuperSecretPasswordto passward Field[[ChromeDriver: chrome on WINDOWS (0a68d7ee39a70a7a4f73b12845dc93f1)] -> id: password]]]>
    </line>
    <line>
      <![CDATA[Click on Login button[[ChromeDriver: chrome on WINDOWS (0a68d7ee39a70a7a4f73b12845dc93f1)] -> xpath: //i[contains(text(),'Login')]]]]>
    </line>
    <line>
      <![CDATA[Verify error message[[ChromeDriver: chrome on WINDOWS (0a68d7ee39a70a7a4f73b12845dc93f1)] -> xpath: //div[@class = 'flash error']]]]>
    </line>
    <line>
      <![CDATA[Enter usrnametomsmith1to username fieldtomsmith1]]>
    </line>
    <line>
      <![CDATA[Enter passwardSuperSecretPassword!to passward Field[[ChromeDriver: chrome on WINDOWS (3d902a6a57044e5829851684942b8f71)] -> id: password]]]>
    </line>
    <line>
      <![CDATA[Click on Login button[[ChromeDriver: chrome on WINDOWS (3d902a6a57044e5829851684942b8f71)] -> xpath: //i[contains(text(),'Login')]]]]>
    </line>
  </reporter-output>
  <suite started-at="2022-12-13T10:22:22 GMT" name="Regression Suite" finished-at="2022-12-13T10:22:34 GMT" duration-ms="11898">
    <groups>
      <group name="regression">
        <method signature="LoginPageTest.userSholdLoginSuccessfullyWithValidCredentials()[pri:0, instance:com.herokuapp.testsuite.LoginPageTest@223d2c72]" name="userSholdLoginSuccessfullyWithValidCredentials" class="com.herokuapp.testsuite.LoginPageTest"/>
        <method signature="LoginPageTest.verifyThePasswordErrorMessage()[pri:0, instance:com.herokuapp.testsuite.LoginPageTest@223d2c72]" name="verifyThePasswordErrorMessage" class="com.herokuapp.testsuite.LoginPageTest"/>
        <method signature="LoginPageTest.verifyTheUsernameErrorMessage()[pri:0, instance:com.herokuapp.testsuite.LoginPageTest@223d2c72]" name="verifyTheUsernameErrorMessage" class="com.herokuapp.testsuite.LoginPageTest"/>
      </group> <!-- regression -->
      <group name="smoke">
        <method signature="LoginPageTest.verifyTheUsernameErrorMessage()[pri:0, instance:com.herokuapp.testsuite.LoginPageTest@223d2c72]" name="verifyTheUsernameErrorMessage" class="com.herokuapp.testsuite.LoginPageTest"/>
      </group> <!-- smoke -->
      <group name="sanity">
        <method signature="LoginPageTest.userSholdLoginSuccessfullyWithValidCredentials()[pri:0, instance:com.herokuapp.testsuite.LoginPageTest@223d2c72]" name="userSholdLoginSuccessfullyWithValidCredentials" class="com.herokuapp.testsuite.LoginPageTest"/>
      </group> <!-- sanity -->
    </groups>
    <test started-at="2022-12-13T10:22:22 GMT" name="Regression Login Test" finished-at="2022-12-13T10:22:34 GMT" duration-ms="11898">
      <class name="com.herokuapp.testsuite.LoginPageTest">
        <test-method is-config="true" signature="setUp()[pri:0, instance:com.herokuapp.testsuite.LoginPageTest@223d2c72]" started-at="2022-12-13T10:22:22 GMT" name="setUp" finished-at="2022-12-13T10:22:27 GMT" duration-ms="4513" status="PASS">
          <reporter-output>
          </reporter-output>
        </test-method> <!-- setUp -->
        <test-method is-config="true" signature="inIt()[pri:0, instance:com.herokuapp.testsuite.LoginPageTest@223d2c72]" started-at="2022-12-13T10:22:27 GMT" name="inIt" finished-at="2022-12-13T10:22:27 GMT" duration-ms="19" status="PASS">
          <reporter-output>
          </reporter-output>
        </test-method> <!-- inIt -->
        <test-method signature="userSholdLoginSuccessfullyWithValidCredentials()[pri:0, instance:com.herokuapp.testsuite.LoginPageTest@223d2c72]" started-at="2022-12-13T10:22:27 GMT" name="userSholdLoginSuccessfullyWithValidCredentials" finished-at="2022-12-13T10:22:27 GMT" duration-ms="447" status="PASS">
          <reporter-output>
            <line>
              <![CDATA[Enter usrnametomsmithto username fieldtomsmith]]>
            </line>
            <line>
              <![CDATA[Enter passwardSuperSecretPassword!to passward Field[[ChromeDriver: chrome on WINDOWS (6b8ca2596fffc873708131bebf34db55)] -> id: password]]]>
            </line>
            <line>
              <![CDATA[Click on Login button[[ChromeDriver: chrome on WINDOWS (6b8ca2596fffc873708131bebf34db55)] -> xpath: //i[contains(text(),'Login')]]]]>
            </line>
            <line>
              <![CDATA[Verify message[[ChromeDriver: chrome on WINDOWS (6b8ca2596fffc873708131bebf34db55)] -> xpath: //h2[text()=' Secure Area']]]]>
            </line>
          </reporter-output>
        </test-method> <!-- userSholdLoginSuccessfullyWithValidCredentials -->
        <test-method is-config="true" signature="tearDown()[pri:0, instance:com.herokuapp.testsuite.LoginPageTest@223d2c72]" started-at="2022-12-13T10:22:27 GMT" name="tearDown" finished-at="2022-12-13T10:22:28 GMT" duration-ms="178" status="PASS">
          <reporter-output>
          </reporter-output>
        </test-method> <!-- tearDown -->
        <test-method is-config="true" signature="setUp()[pri:0, instance:com.herokuapp.testsuite.LoginPageTest@223d2c72]" started-at="2022-12-13T10:22:28 GMT" name="setUp" finished-at="2022-12-13T10:22:30 GMT" duration-ms="2173" status="PASS">
          <reporter-output>
          </reporter-output>
        </test-method> <!-- setUp -->
        <test-method is-config="true" signature="inIt()[pri:0, instance:com.herokuapp.testsuite.LoginPageTest@223d2c72]" started-at="2022-12-13T10:22:30 GMT" name="inIt" finished-at="2022-12-13T10:22:30 GMT" duration-ms="0" status="PASS">
          <reporter-output>
          </reporter-output>
        </test-method> <!-- inIt -->
        <test-method signature="verifyThePasswordErrorMessage()[pri:0, instance:com.herokuapp.testsuite.LoginPageTest@223d2c72]" started-at="2022-12-13T10:22:30 GMT" name="verifyThePasswordErrorMessage" finished-at="2022-12-13T10:22:30 GMT" duration-ms="465" status="PASS">
          <reporter-output>
            <line>
              <![CDATA[Enter usrnametomsmithto username fieldtomsmith]]>
            </line>
            <line>
              <![CDATA[Enter passwardSuperSecretPasswordto passward Field[[ChromeDriver: chrome on WINDOWS (0a68d7ee39a70a7a4f73b12845dc93f1)] -> id: password]]]>
            </line>
            <line>
              <![CDATA[Click on Login button[[ChromeDriver: chrome on WINDOWS (0a68d7ee39a70a7a4f73b12845dc93f1)] -> xpath: //i[contains(text(),'Login')]]]]>
            </line>
            <line>
              <![CDATA[Verify error message[[ChromeDriver: chrome on WINDOWS (0a68d7ee39a70a7a4f73b12845dc93f1)] -> xpath: //div[@class = 'flash error']]]]>
            </line>
          </reporter-output>
        </test-method> <!-- verifyThePasswordErrorMessage -->
        <test-method is-config="true" signature="tearDown()[pri:0, instance:com.herokuapp.testsuite.LoginPageTest@223d2c72]" started-at="2022-12-13T10:22:30 GMT" name="tearDown" finished-at="2022-12-13T10:22:30 GMT" duration-ms="178" status="PASS">
          <reporter-output>
          </reporter-output>
        </test-method> <!-- tearDown -->
        <test-method is-config="true" signature="setUp()[pri:0, instance:com.herokuapp.testsuite.LoginPageTest@223d2c72]" started-at="2022-12-13T10:22:30 GMT" name="setUp" finished-at="2022-12-13T10:22:34 GMT" duration-ms="3270" status="PASS">
          <reporter-output>
          </reporter-output>
        </test-method> <!-- setUp -->
        <test-method is-config="true" signature="inIt()[pri:0, instance:com.herokuapp.testsuite.LoginPageTest@223d2c72]" started-at="2022-12-13T10:22:34 GMT" name="inIt" finished-at="2022-12-13T10:22:34 GMT" duration-ms="1" status="PASS">
          <reporter-output>
          </reporter-output>
        </test-method> <!-- inIt -->
        <test-method signature="verifyTheUsernameErrorMessage()[pri:0, instance:com.herokuapp.testsuite.LoginPageTest@223d2c72]" started-at="2022-12-13T10:22:34 GMT" name="verifyTheUsernameErrorMessage" finished-at="2022-12-13T10:22:34 GMT" duration-ms="488" status="PASS">
          <reporter-output>
            <line>
              <![CDATA[Enter usrnametomsmith1to username fieldtomsmith1]]>
            </line>
            <line>
              <![CDATA[Enter passwardSuperSecretPassword!to passward Field[[ChromeDriver: chrome on WINDOWS (3d902a6a57044e5829851684942b8f71)] -> id: password]]]>
            </line>
            <line>
              <![CDATA[Click on Login button[[ChromeDriver: chrome on WINDOWS (3d902a6a57044e5829851684942b8f71)] -> xpath: //i[contains(text(),'Login')]]]]>
            </line>
          </reporter-output>
        </test-method> <!-- verifyTheUsernameErrorMessage -->
        <test-method is-config="true" signature="tearDown()[pri:0, instance:com.herokuapp.testsuite.LoginPageTest@223d2c72]" started-at="2022-12-13T10:22:34 GMT" name="tearDown" finished-at="2022-12-13T10:22:34 GMT" duration-ms="121" status="PASS">
          <reporter-output>
          </reporter-output>
        </test-method> <!-- tearDown -->
      </class> <!-- com.herokuapp.testsuite.LoginPageTest -->
    </test> <!-- Regression Login Test -->
  </suite> <!-- Regression Suite -->
</testng-results>
