<?xml version="1.0" encoding="UTF-8"?>
<!-- Generated by org.testng.reporters.JUnitXMLReporter -->
<testsuite ignored="0" hostname="HIRAL" failures="0" tests="3" name="Listeners Test" time="8.852" errors="0" timestamp="2022-12-13T10:22:00 GMT">
  <testcase classname="com.herokuapp.testsuite.LoginPageTest" name="userSholdLoginSuccessfullyWithValidCredentials" time="0.45"/>
  <testcase classname="com.herokuapp.testsuite.LoginPageTest" name="verifyThePasswordErrorMessage" time="0.435"/>
  <testcase classname="com.herokuapp.testsuite.LoginPageTest" name="verifyTheUsernameErrorMessage" time="0.456"/>
</testsuite> <!-- Listeners Test -->
